#
# There is insufficient memory for the Java Runtime Environment to continue.
# Native memory allocation (malloc) failed to allocate 1078496 bytes for Chunk::new
# Possible reasons:
#   The system is out of physical RAM or swap space
#   The process is running with CompressedOops enabled, and the Java Heap may be blocking the growth of the native heap
# Possible solutions:
#   Reduce memory load on the system
#   Increase physical memory or swap space
#   Check if swap backing store is full
#   Decrease Java heap size (-Xmx/-Xms)
#   Decrease number of Java threads
#   Decrease Java thread stack sizes (-Xss)
#   Set larger code cache with -XX:ReservedCodeCacheSize=
#   JVM is running with Unscaled Compressed Oops mode in which the Java heap is
#     placed in the first 4GB address space. The Java Heap base address is the
#     maximum limit for the native heap growth. Please use -XX:HeapBaseMinAddress
#     to set the Java Heap base and to place the Java Heap above 4GB virtual address.
# This output file may be truncated or incomplete.
#
#  Out of Memory Error (allocation.cpp:389), pid=23316, tid=0x00000000000050e0
#
# JRE version: OpenJDK Runtime Environment (8.0_242-b01) (build 1.8.0_242-release-1644-b01)
# Java VM: OpenJDK 64-Bit Server VM (25.242-b01 mixed mode windows-amd64 compressed oops)
# Failed to write core dump. Minidumps are not enabled by default on client versions of Windows
#

---------------  T H R E A D  ---------------

Current thread (0x0000000018c60800):  JavaThread "C2 CompilerThread2" daemon [_thread_in_native, id=20704, stack(0x0000000019720000,0x0000000019820000)]

Stack: [0x0000000019720000,0x0000000019820000]
[error occurred during error reporting (printing stack bounds), id 0xc0000005]

Native frames: (J=compiled Java code, j=interpreted, Vv=VM code, C=native code)


Current CompileTask:
C2:   5774 1498   !   4       java.net.URLClassLoader$1::run (63 bytes)


---------------  P R O C E S S  ---------------

Java Threads: ( => current thread )
  0x000000001a7d7000 JavaThread "Cache worker for journal cache (C:\Users\samuel.septiano\.gradle\caches\journal-1)" [_thread_blocked, id=23344, stack(0x000000001d850000,0x000000001d950000)]
  0x000000001a7d5800 JavaThread "File lock request listener" [_thread_in_native, id=30452, stack(0x000000001d750000,0x000000001d850000)]
  0x000000001a7d6000 JavaThread "Cache worker for file hash cache (C:\Users\samuel.septiano\.gradle\caches\5.4.1\fileHashes)" [_thread_blocked, id=20348, stack(0x000000001d650000,0x000000001d750000)]
  0x000000001a7dd800 JavaThread "Thread-9" [_thread_blocked, id=13880, stack(0x000000001d550000,0x000000001d650000)]
  0x0000000019b68800 JavaThread "Stdin handler" [_thread_blocked, id=20024, stack(0x000000001d450000,0x000000001d550000)]
  0x000000001b0dc000 JavaThread "Asynchronous log dispatcher for DefaultDaemonConnection: socket connection from /127.0.0.1:65196 to /127.0.0.1:65198" [_thread_blocked, id=23820, stack(0x000000001d250000,0x000000001d350000)]
  0x000000001aa1b000 JavaThread "Daemon worker" [_thread_in_native, id=5148, stack(0x000000001d150000,0x000000001d250000)]
  0x000000001aa1a800 JavaThread "Cancel handler" [_thread_blocked, id=10880, stack(0x000000001d050000,0x000000001d150000)]
  0x000000001aa46800 JavaThread "Handler for socket connection from /127.0.0.1:65196 to /127.0.0.1:65198" [_thread_in_native, id=28272, stack(0x000000001cd50000,0x000000001ce50000)]
  0x000000001a9c1800 JavaThread "Daemon" [_thread_blocked, id=26252, stack(0x000000001cc50000,0x000000001cd50000)]
  0x0000000019d2a800 JavaThread "Daemon periodic checks" [_thread_blocked, id=31852, stack(0x000000001cb50000,0x000000001cc50000)]
  0x0000000019d26800 JavaThread "Incoming local TCP Connector on port 65196" [_thread_in_native, id=30424, stack(0x000000001c910000,0x000000001ca10000)]
  0x0000000018d73000 JavaThread "Daemon health stats" [_thread_blocked, id=32604, stack(0x000000001b2f0000,0x000000001b3f0000)]
  0x0000000018ced800 JavaThread "Service Thread" daemon [_thread_blocked, id=8984, stack(0x0000000019920000,0x0000000019a20000)]
  0x0000000018c64800 JavaThread "C1 CompilerThread3" daemon [_thread_blocked, id=3040, stack(0x0000000019820000,0x0000000019920000)]
=>0x0000000018c60800 JavaThread "C2 CompilerThread2" daemon [_thread_in_native, id=20704, stack(0x0000000019720000,0x0000000019820000)]
  0x0000000018c5a000 JavaThread "C2 CompilerThread1" daemon [_thread_in_native, id=22804, stack(0x0000000019620000,0x0000000019720000)]
  0x0000000018c51800 JavaThread "C2 CompilerThread0" daemon [_thread_in_native, id=18644, stack(0x0000000019520000,0x0000000019620000)]
  0x0000000018c51000 JavaThread "Attach Listener" daemon [_thread_blocked, id=30048, stack(0x0000000019420000,0x0000000019520000)]
  0x0000000018c50000 JavaThread "Signal Dispatcher" daemon [_thread_blocked, id=21600, stack(0x0000000019320000,0x0000000019420000)]
  0x0000000018c41800 JavaThread "Finalizer" daemon [_thread_blocked, id=260, stack(0x0000000019120000,0x0000000019220000)]
  0x0000000003098000 JavaThread "Reference Handler" daemon [_thread_blocked, id=18660, stack(0x0000000019020000,0x0000000019120000)]
  0x0000000002fa2800 JavaThread "main" [_thread_blocked, id=21400, stack(0x0000000002ea0000,0x0000000002fa0000)]

Other Threads:
  0x0000000016e56800 VMThread [stack: 0x0000000018b20000,0x0000000018c20000] [id=20028]
  0x0000000018cee800 WatcherThread [stack: 0x0000000019a20000,0x0000000019b20000] [id=32696]

VM state:not at safepoint (normal execution)

VM Mutex/Monitor currently owned by a thread: None

heap address: 0x00000000a0000000, size: 1536 MB, Compressed Oops mode: 32-bit
Narrow klass base: 0x0000000000000000, Narrow klass shift: 3
Compressed class space size: 1073741824 Address: 0x0000000100000000

Heap:
 PSYoungGen      total 37888K, used 37592K [0x00000000e0000000, 0x00000000e2a00000, 0x0000000100000000)
  eden space 32768K, 99% used [0x00000000e0000000,0x00000000e1fbe1d8,0x00000000e2000000)
  from space 5120K, 99% used [0x00000000e2000000,0x00000000e24f8020,0x00000000e2500000)
  to   space 5120K, 0% used [0x00000000e2500000,0x00000000e2500000,0x00000000e2a00000)
 ParOldGen       total 86016K, used 1536K [0x00000000a0000000, 0x00000000a5400000, 0x00000000e0000000)
  object space 86016K, 1% used [0x00000000a0000000,0x00000000a01800f0,0x00000000a5400000)
 Metaspace       used 15578K, capacity 15986K, committed 16256K, reserved 1062912K
  class space    used 2211K, capacity 2393K, committed 2432K, reserved 1048576K

Card table byte_map: [0x0000000012460000,0x0000000012770000] byte_map_base: 0x0000000011f60000

Marking Bits: (ParMarkBitMap*) 0x000000006e2af030
 Begin Bits: [0x0000000013170000, 0x0000000014970000)
 End Bits:   [0x0000000014970000, 0x0000000016170000)

Polling page: 0x0000000002d20000

CodeCache: size=245760Kb used=5401Kb max_used=5401Kb free=240359Kb
 bounds [0x00000000030a0000, 0x00000000035f0000, 0x00000000120a0000]
 total_blobs=1956 nmethods=1565 adapters=303
 compilation: enabled

Compilation events (10 events):
Event: 5.760 Thread 0x0000000018c64800 1567       3       sun.misc.ProxyGenerator::dotToSlash (9 bytes)
Event: 5.760 Thread 0x0000000018c64800 nmethod 1567 0x00000000035e3110 code [0x00000000035e3280, 0x00000000035e3488]
Event: 5.760 Thread 0x0000000018c64800 1568       3       sun.misc.ProxyGenerator$ConstantPool$IndirectEntry::write (61 bytes)
Event: 5.761 Thread 0x0000000018c64800 nmethod 1568 0x00000000035e3550 code [0x00000000035e3740, 0x00000000035e4248]
Event: 5.767 Thread 0x0000000018c64800 1569       3       org.gradle.internal.service.DefaultServiceRegistry::find (149 bytes)
Event: 5.769 Thread 0x0000000018c64800 nmethod 1569 0x00000000035e4610 code [0x00000000035e4960, 0x00000000035e6538]
Event: 5.769 Thread 0x0000000018c64800 1570       3       org.gradle.internal.service.DefaultServiceRegistry$SingletonService::getService (18 bytes)
Event: 5.769 Thread 0x0000000018c64800 nmethod 1570 0x00000000035e7290 code [0x00000000035e7420, 0x00000000035e7698]
Event: 5.769 Thread 0x0000000018c64800 1571       3       org.gradle.internal.service.DefaultServiceRegistry::access$1200 (6 bytes)
Event: 5.769 Thread 0x0000000018c64800 nmethod 1571 0x00000000035e7790 code [0x00000000035e7900, 0x00000000035e7a68]

GC Heap History (6 events):
Event: 1.995 GC heap before
{Heap before GC invocations=1 (full 0):
 PSYoungGen      total 37888K, used 32768K [0x00000000e0000000, 0x00000000e2a00000, 0x0000000100000000)
  eden space 32768K, 100% used [0x00000000e0000000,0x00000000e2000000,0x00000000e2000000)
  from space 5120K, 0% used [0x00000000e2500000,0x00000000e2500000,0x00000000e2a00000)
  to   space 5120K, 0% used [0x00000000e2000000,0x00000000e2000000,0x00000000e2500000)
 ParOldGen       total 86016K, used 0K [0x00000000a0000000, 0x00000000a5400000, 0x00000000e0000000)
  object space 86016K, 0% used [0x00000000a0000000,0x00000000a0000000,0x00000000a5400000)
 Metaspace       used 6746K, capacity 6960K, committed 7040K, reserved 1056768K
  class space    used 822K, capacity 876K, committed 896K, reserved 1048576K
Event: 2.006 GC heap after
Heap after GC invocations=1 (full 0):
 PSYoungGen      total 37888K, used 4168K [0x00000000e0000000, 0x00000000e2a00000, 0x0000000100000000)
  eden space 32768K, 0% used [0x00000000e0000000,0x00000000e0000000,0x00000000e2000000)
  from space 5120K, 81% used [0x00000000e2000000,0x00000000e24121a8,0x00000000e2500000)
  to   space 5120K, 0% used [0x00000000e2500000,0x00000000e2500000,0x00000000e2a00000)
 ParOldGen       total 86016K, used 8K [0x00000000a0000000, 0x00000000a5400000, 0x00000000e0000000)
  object space 86016K, 0% used [0x00000000a0000000,0x00000000a0002000,0x00000000a5400000)
 Metaspace       used 6746K, capacity 6960K, committed 7040K, reserved 1056768K
  class space    used 822K, capacity 876K, committed 896K, reserved 1048576K
}
Event: 2.952 GC heap before
{Heap before GC invocations=2 (full 0):
 PSYoungGen      total 37888K, used 36936K [0x00000000e0000000, 0x00000000e2a00000, 0x0000000100000000)
  eden space 32768K, 100% used [0x00000000e0000000,0x00000000e2000000,0x00000000e2000000)
  from space 5120K, 81% used [0x00000000e2000000,0x00000000e24121a8,0x00000000e2500000)
  to   space 5120K, 0% used [0x00000000e2500000,0x00000000e2500000,0x00000000e2a00000)
 ParOldGen       total 86016K, used 8K [0x00000000a0000000, 0x00000000a5400000, 0x00000000e0000000)
  object space 86016K, 0% used [0x00000000a0000000,0x00000000a0002000,0x00000000a5400000)
 Metaspace       used 8312K, capacity 8554K, committed 8832K, reserved 1056768K
  class space    used 1048K, capacity 1109K, committed 1152K, reserved 1048576K
Event: 2.959 GC heap after
Heap after GC invocations=2 (full 0):
 PSYoungGen      total 37888K, used 4209K [0x00000000e0000000, 0x00000000e2a00000, 0x0000000100000000)
  eden space 32768K, 0% used [0x00000000e0000000,0x00000000e0000000,0x00000000e2000000)
  from space 5120K, 82% used [0x00000000e2500000,0x00000000e291c5d0,0x00000000e2a00000)
  to   space 5120K, 0% used [0x00000000e2000000,0x00000000e2000000,0x00000000e2500000)
 ParOldGen       total 86016K, used 16K [0x00000000a0000000, 0x00000000a5400000, 0x00000000e0000000)
  object space 86016K, 0% used [0x00000000a0000000,0x00000000a0004000,0x00000000a5400000)
 Metaspace       used 8312K, capacity 8554K, committed 8832K, reserved 1056768K
  class space    used 1048K, capacity 1109K, committed 1152K, reserved 1048576K
}
Event: 5.190 GC heap before
{Heap before GC invocations=3 (full 0):
 PSYoungGen      total 37888K, used 36977K [0x00000000e0000000, 0x00000000e2a00000, 0x0000000100000000)
  eden space 32768K, 100% used [0x00000000e0000000,0x00000000e2000000,0x00000000e2000000)
  from space 5120K, 82% used [0x00000000e2500000,0x00000000e291c5d0,0x00000000e2a00000)
  to   space 5120K, 0% used [0x00000000e2000000,0x00000000e2000000,0x00000000e2500000)
 ParOldGen       total 86016K, used 16K [0x00000000a0000000, 0x00000000a5400000, 0x00000000e0000000)
  object space 86016K, 0% used [0x00000000a0000000,0x00000000a0004000,0x00000000a5400000)
 Metaspace       used 12797K, capacity 13212K, committed 13440K, reserved 1060864K
  class space    used 1750K, capacity 1868K, committed 1920K, reserved 1048576K
Event: 5.199 GC heap after
Heap after GC invocations=3 (full 0):
 PSYoungGen      total 37888K, used 5088K [0x00000000e0000000, 0x00000000e2a00000, 0x0000000100000000)
  eden space 32768K, 0% used [0x00000000e0000000,0x00000000e0000000,0x00000000e2000000)
  from space 5120K, 99% used [0x00000000e2000000,0x00000000e24f8020,0x00000000e2500000)
  to   space 5120K, 0% used [0x00000000e2500000,0x00000000e2500000,0x00000000e2a00000)
 ParOldGen       total 86016K, used 1536K [0x00000000a0000000, 0x00000000a5400000, 0x00000000e0000000)
  object space 86016K, 1% used [0x00000000a0000000,0x00000000a01800f0,0x00000000a5400000)
 Metaspace       used 12797K, capacity 13212K, committed 13440K, reserved 1060864K
  class space    used 1750K, capacity 1868K, committed 1920K, reserved 1048576K
}

Deoptimization events (10 events):
Event: 5.005 Thread 0x000000001aa1b000 Uncommon trap: reason=bimorphic action=maybe_recompile pc=0x0000000003350e14 method=java.util.HashMap.putVal(ILjava/lang/Object;Ljava/lang/Object;ZZ)Ljava/lang/Object; @ 253
Event: 5.005 Thread 0x000000001aa1b000 Uncommon trap: reason=bimorphic action=maybe_recompile pc=0x0000000003350e14 method=java.util.HashMap.putVal(ILjava/lang/Object;Ljava/lang/Object;ZZ)Ljava/lang/Object; @ 253
Event: 5.006 Thread 0x000000001aa1b000 Uncommon trap: reason=class_check action=maybe_recompile pc=0x00000000033465d8 method=java.util.HashMap.putVal(ILjava/lang/Object;Ljava/lang/Object;ZZ)Ljava/lang/Object; @ 203
Event: 5.006 Thread 0x000000001aa1b000 Uncommon trap: reason=class_check action=maybe_recompile pc=0x00000000033465d8 method=java.util.HashMap.putVal(ILjava/lang/Object;Ljava/lang/Object;ZZ)Ljava/lang/Object; @ 203
Event: 5.006 Thread 0x000000001aa1b000 Uncommon trap: reason=bimorphic action=maybe_recompile pc=0x00000000033458ec method=java.util.HashMap.putVal(ILjava/lang/Object;Ljava/lang/Object;ZZ)Ljava/lang/Object; @ 253
Event: 5.296 Thread 0x000000001aa1b000 Uncommon trap: reason=class_check action=maybe_recompile pc=0x0000000003381a98 method=java.util.regex.Matcher.match(II)Z @ 86
Event: 5.319 Thread 0x000000001aa1b000 Uncommon trap: reason=class_check action=maybe_recompile pc=0x0000000003381a98 method=java.util.regex.Matcher.match(II)Z @ 86
Event: 5.320 Thread 0x000000001aa1b000 Uncommon trap: reason=class_check action=maybe_recompile pc=0x0000000003381a98 method=java.util.regex.Matcher.match(II)Z @ 86
Event: 5.320 Thread 0x000000001aa1b000 Uncommon trap: reason=class_check action=maybe_recompile pc=0x000000000332b79c method=java.util.regex.Matcher.match(II)Z @ 86
Event: 5.684 Thread 0x000000001aa1b000 Uncommon trap: reason=unstable_if action=reinterpret pc=0x00000000034671b4 method=java.lang.String.lastIndexOf([CII[CIII)I @ 66

Classes redefined (0 events):
No events

Internal exceptions (10 events):
Event: 4.921 Thread 0x000000001aa46800 Exception <a 'java/lang/NoSuchMethodError': <clinit>> (0x00000000e0efbc10) thrown at [C:\src\AOSP-openjdk-git\hotspot\src\share\vm\prims\jni.cpp, line 1615]
Event: 4.926 Thread 0x000000001aa46800 Exception <a 'java/lang/NoSuchMethodError': <clinit>> (0x00000000e0f0e4e8) thrown at [C:\src\AOSP-openjdk-git\hotspot\src\share\vm\prims\jni.cpp, line 1615]
Event: 4.932 Thread 0x000000001aa46800 Exception <a 'java/lang/NoSuchMethodError': <clinit>> (0x00000000e0f35198) thrown at [C:\src\AOSP-openjdk-git\hotspot\src\share\vm\prims\jni.cpp, line 1615]
Event: 4.935 Thread 0x000000001aa46800 Exception <a 'java/lang/NoSuchMethodError': <clinit>> (0x00000000e0f4ccf0) thrown at [C:\src\AOSP-openjdk-git\hotspot\src\share\vm\prims\jni.cpp, line 1615]
Event: 4.936 Thread 0x000000001aa46800 Exception <a 'java/lang/NoSuchMethodError': <clinit>> (0x00000000e0f55890) thrown at [C:\src\AOSP-openjdk-git\hotspot\src\share\vm\prims\jni.cpp, line 1615]
Event: 4.939 Thread 0x000000001aa46800 Exception <a 'java/lang/NoSuchMethodError': <clinit>> (0x00000000e0f6bb50) thrown at [C:\src\AOSP-openjdk-git\hotspot\src\share\vm\prims\jni.cpp, line 1615]
Event: 4.951 Thread 0x000000001aa46800 Exception <a 'java/lang/NoSuchMethodError': <clinit>> (0x00000000e0fc53d0) thrown at [C:\src\AOSP-openjdk-git\hotspot\src\share\vm\prims\jni.cpp, line 1615]
Event: 4.956 Thread 0x000000001aa46800 Exception <a 'java/lang/NoSuchMethodError': <clinit>> (0x00000000e0ff1458) thrown at [C:\src\AOSP-openjdk-git\hotspot\src\share\vm\prims\jni.cpp, line 1615]
Event: 4.961 Thread 0x000000001aa46800 Exception <a 'java/lang/NoSuchMethodError': <clinit>> (0x00000000e101e018) thrown at [C:\src\AOSP-openjdk-git\hotspot\src\share\vm\prims\jni.cpp, line 1615]
Event: 4.962 Thread 0x000000001aa46800 Exception <a 'java/lang/NoSuchMethodError': <clinit>> (0x00000000e10290a0) thrown at [C:\src\AOSP-openjdk-git\hotspot\src\share\vm\prims\jni.cpp, line 1615]

Events (10 events):
Event: 5.767 loading class org/gradle/internal/service/scopes/BuildScopeServices$DependencyMetaDataProviderImpl
Event: 5.767 loading class org/gradle/internal/service/scopes/BuildScopeServices$DependencyMetaDataProviderImpl done
Event: 5.767 loading class org/gradle/api/internal/artifacts/Module
Event: 5.767 loading class org/gradle/api/internal/artifacts/Module done
Event: 5.768 loading class org/gradle/composite/internal/DefaultIncludedBuildControllers
Event: 5.768 loading class org/gradle/composite/internal/DefaultIncludedBuildControllers done
Event: 5.769 loading class org/gradle/composite/internal/IncludedBuildController
Event: 5.769 loading class org/gradle/composite/internal/IncludedBuildController done
Event: 5.769 loading class org/gradle/composite/internal/DefaultIncludedBuildTaskGraph
Event: 5.769 loading class org/gradle/composite/internal/DefaultIncludedBuildTaskGraph done


Dynamic libraries:
0x00007ff689a00000 - 0x00007ff689a31000 	C:\Program Files\Android\Android Studio\jre\bin\java.exe
0x00007ff9b4ae0000 - 0x00007ff9b4cd0000 	C:\WINDOWS\SYSTEM32\ntdll.dll
0x00007ff9b3420000 - 0x00007ff9b34d2000 	C:\WINDOWS\System32\KERNEL32.DLL
0x00007ff9b1b10000 - 0x00007ff9b1db4000 	C:\WINDOWS\System32\KERNELBASE.dll
0x00007ff9b3560000 - 0x00007ff9b3603000 	C:\WINDOWS\System32\ADVAPI32.dll
0x00007ff9b2ee0000 - 0x00007ff9b2f7e000 	C:\WINDOWS\System32\msvcrt.dll
0x00007ff9b3620000 - 0x00007ff9b36b7000 	C:\WINDOWS\System32\sechost.dll
0x00007ff9b3f90000 - 0x00007ff9b40b0000 	C:\WINDOWS\System32\RPCRT4.dll
0x00007ff9b2ce0000 - 0x00007ff9b2e75000 	C:\WINDOWS\System32\USER32.dll
0x00007ff9b1a30000 - 0x00007ff9b1a51000 	C:\WINDOWS\System32\win32u.dll
0x00007ff9b3db0000 - 0x00007ff9b3dd6000 	C:\WINDOWS\System32\GDI32.dll
0x00007ff9b26d0000 - 0x00007ff9b2866000 	C:\WINDOWS\System32\gdi32full.dll
0x00007ff9b1e70000 - 0x00007ff9b1f0e000 	C:\WINDOWS\System32\msvcp_win.dll
0x00007ff9b2a60000 - 0x00007ff9b2b5a000 	C:\WINDOWS\System32\ucrtbase.dll
0x00007ff996370000 - 0x00007ff9965f4000 	C:\WINDOWS\WinSxS\amd64_microsoft.windows.common-controls_6595b64144ccf1df_6.0.18362.1016_none_9e7a36bbe461dae4\COMCTL32.dll
0x00007ff9b3870000 - 0x00007ff9b3ba5000 	C:\WINDOWS\System32\combase.dll
0x00007ff9b2890000 - 0x00007ff9b2910000 	C:\WINDOWS\System32\bcryptPrimitives.dll
0x00007ff9b2f80000 - 0x00007ff9b2fae000 	C:\WINDOWS\System32\IMM32.DLL
0x000000006da00000 - 0x000000006dad2000 	C:\Program Files\Android\Android Studio\jre\jre\bin\msvcr100.dll
0x000000006dae0000 - 0x000000006e32b000 	C:\Program Files\Android\Android Studio\jre\jre\bin\server\jvm.dll
0x00007ff9b3bb0000 - 0x00007ff9b3bb8000 	C:\WINDOWS\System32\PSAPI.DLL
0x00007ff9afa80000 - 0x00007ff9afaa4000 	C:\WINDOWS\SYSTEM32\WINMM.dll
0x00007ff9ab720000 - 0x00007ff9ab72a000 	C:\WINDOWS\SYSTEM32\VERSION.dll
0x00007ff99b050000 - 0x00007ff99b059000 	C:\WINDOWS\SYSTEM32\WSOCK32.dll
0x00007ff9b3eb0000 - 0x00007ff9b3f1f000 	C:\WINDOWS\System32\WS2_32.dll
0x00007ff9afa50000 - 0x00007ff9afa7d000 	C:\WINDOWS\SYSTEM32\WINMMBASE.dll
0x00007ff9b1dc0000 - 0x00007ff9b1e0a000 	C:\WINDOWS\System32\cfgmgr32.dll
0x00007ff9aca00000 - 0x00007ff9aca0f000 	C:\Program Files\Android\Android Studio\jre\jre\bin\verify.dll
0x00007ff9ac9b0000 - 0x00007ff9ac9d9000 	C:\Program Files\Android\Android Studio\jre\jre\bin\java.dll
0x00007ff9ac5c0000 - 0x00007ff9ac5d6000 	C:\Program Files\Android\Android Studio\jre\jre\bin\zip.dll
0x00007ff9b4230000 - 0x00007ff9b4917000 	C:\WINDOWS\System32\SHELL32.dll
0x00007ff9b4180000 - 0x00007ff9b4229000 	C:\WINDOWS\System32\shcore.dll
0x00007ff9b1f40000 - 0x00007ff9b26c2000 	C:\WINDOWS\System32\windows.storage.dll
0x00007ff9b1a00000 - 0x00007ff9b1a23000 	C:\WINDOWS\System32\profapi.dll
0x00007ff9b1970000 - 0x00007ff9b19ba000 	C:\WINDOWS\System32\powrprof.dll
0x00007ff9b1960000 - 0x00007ff9b1970000 	C:\WINDOWS\System32\UMPDC.dll
0x00007ff9b4120000 - 0x00007ff9b4172000 	C:\WINDOWS\System32\shlwapi.dll
0x00007ff9b19e0000 - 0x00007ff9b19f1000 	C:\WINDOWS\System32\kernel.appcore.dll
0x00007ff9b2870000 - 0x00007ff9b2887000 	C:\WINDOWS\System32\cryptsp.dll
0x00007ff9ac190000 - 0x00007ff9ac1aa000 	C:\Program Files\Android\Android Studio\jre\jre\bin\net.dll
0x00007ff9b11c0000 - 0x00007ff9b1227000 	C:\WINDOWS\system32\mswsock.dll
0x00007ff9ac170000 - 0x00007ff9ac183000 	C:\Program Files\Android\Android Studio\jre\jre\bin\nio.dll
0x00007ff9a9e30000 - 0x00007ff9a9e56000 	C:\Users\samuel.septiano\.gradle\native\29\windows-amd64\native-platform.dll
0x00007ff9ac740000 - 0x00007ff9ac74d000 	C:\Program Files\Android\Android Studio\jre\jre\bin\management.dll
0x00007ff9b0d30000 - 0x00007ff9b0d63000 	C:\WINDOWS\system32\rsaenh.dll
0x00007ff9b1f10000 - 0x00007ff9b1f36000 	C:\WINDOWS\System32\bcrypt.dll
0x00007ff9b1880000 - 0x00007ff9b18a5000 	C:\WINDOWS\SYSTEM32\USERENV.dll
0x00007ff9b1390000 - 0x00007ff9b139c000 	C:\WINDOWS\SYSTEM32\CRYPTBASE.dll
0x00007ff9b0ed0000 - 0x00007ff9b0f0a000 	C:\WINDOWS\SYSTEM32\IPHLPAPI.DLL
0x00007ff9b3f20000 - 0x00007ff9b3f28000 	C:\WINDOWS\System32\NSI.dll
0x00007ff9ac820000 - 0x00007ff9ac836000 	C:\WINDOWS\SYSTEM32\dhcpcsvc6.DLL
0x00007ff9ac6c0000 - 0x00007ff9ac6dc000 	C:\WINDOWS\SYSTEM32\dhcpcsvc.DLL
0x00007ff9b0f10000 - 0x00007ff9b0fdb000 	C:\WINDOWS\SYSTEM32\DNSAPI.dll

VM Arguments:
jvm_args: -Xmx1536m -Dfile.encoding=windows-1252 -Duser.country=US -Duser.language=en -Duser.variant 
java_command: org.gradle.launcher.daemon.bootstrap.GradleDaemon 5.4.1
java_class_path (initial): C:\Users\samuel.septiano\.gradle\wrapper\dists\gradle-5.4.1-all\3221gyojl5jsh0helicew7rwx\gradle-5.4.1\lib\gradle-launcher-5.4.1.jar
Launcher Type: SUN_STANDARD

Environment Variables:
JAVA_HOME=C:\Program Files\Java\jdk1.8.0_261\jre\bin\server\jvm.dll
PATH=C:\Program Files (x86)\Common Files\Oracle\Java\javapath;C:\Python27\;C:\Python27\Scripts;C:\Windows\system32;C:\Windows;C:\Windows\System32\Wbem;C:\Windows\System32\WindowsPowerShell\v1.0\;C:\Windows\System32\OpenSSH\;C:\Program Files (x86)\NVIDIA Corporation\PhysX\Common;C:\WINDOWS\system32;C:\WINDOWS;C:\WINDOWS\System32\Wbem;C:\WINDOWS\System32\WindowsPowerShell\v1.0\;C:\WINDOWS\System32\OpenSSH\;C:\Program Files\dotnet\;C:\Program Files\Microsoft SQL Server\130\Tools\Binn\;C:\Program Files\Microsoft SQL Server\Client SDK\ODBC\170\Tools\Binn\;C:\Program Files (x86)\Microsoft SQL Server\Client SDK\ODBC\130\Tools\Binn\;C:\Program Files (x86)\Microsoft SQL Server\140\Tools\Binn\;C:\Program Files (x86)\Microsoft SQL Server\140\DTS\Binn\;C:\Program Files (x86)\Microsoft SQL Server\140\Tools\Binn\ManagementStudio\;C:\Program Files\Git\cmd;C:\Program Files\Intel\WiFi\bin\;C:\Program Files\Common Files\Intel\WirelessCommon\;C:\Program Files\nodejs\;C:\ProgramData\chocolatey\bin;C:\flutter\bin;C:\Program Files\PuTTY\;C:\Users\samuel.septiano\AppData\Local\Microsoft\WindowsApps;;C:\Users\samuel.septiano\AppData\Local\Programs\Fiddler;C:\Users\samuel.septiano\.dotnet\tools;C:\Users\samuel.septiano\AppData\Roaming\npm;C:\Users\samuel.septiano\AppData\Local\Programs\Microsoft VS Code\bin
USERNAME=samuel.septiano
OS=Windows_NT
PROCESSOR_IDENTIFIER=Intel64 Family 6 Model 142 Stepping 11, GenuineIntel



---------------  S Y S T E M  ---------------

OS: Windows 10.0 , 64 bit Build 18362 (10.0.18362.959)

CPU:total 8 (initial active 8) (4 cores per cpu, 2 threads per core) family 6 model 142 stepping 11, cmov, cx8, fxsr, mmx, sse, sse2, sse3, ssse3, sse4.1, sse4.2, popcnt, avx, avx2, aes, clmul, erms, 3dnowpref, lzcnt, ht, tsc, tscinvbit, bmi1, bmi2, adx

Memory: 4k page, physical 8236412k(222828k free), swap 33402236k(5568k free)

vm_info: OpenJDK 64-Bit Server VM (25.242-b01) for windows-amd64 JRE (1.8.0_242-release-1644-b01), built by "builder" with MS VC++ 10.0 (VS2010)

time: Wed Sep 09 14:55:42 2020
timezone: SE Asia Standard Time
elapsed time: 5 seconds (0d 0h 0m 5s)

